<?xml version="1.0" encoding="UTF-8"?>
<!-- Generated by org.testng.reporters.JUnitReportReporter -->
<testsuite hostname="Tanya-Laptop" name="ru.st.selenium.Login" tests="1" failures="0" timestamp="12 Jul 2015 19:18:16 GMT" time="1.122" errors="0">
  <testcase name="testLogin" time="1.122" classname="ru.st.selenium.Login"/>
</testsuite> <!-- ru.st.selenium.Login -->
