<?xml version="1.0" encoding="UTF-8"?>
<!-- Generated by org.testng.reporters.JUnitReportReporter -->
<testsuite hostname="Tanya-Laptop" name="ru.st.selenium.Login" tests="1" failures="0" timestamp="12 Jul 2015 18:14:14 GMT" time="0.921" errors="0">
  <testcase name="testLogin" time="0.921" classname="ru.st.selenium.Login"/>
</testsuite> <!-- ru.st.selenium.Login -->
