<?xml version="1.0" encoding="UTF-8"?>
<!-- Generated by org.testng.reporters.JUnitReportReporter -->
<testsuite hostname="Tanya-Laptop" name="ru.st.selenium.RemoveFilm" tests="1" failures="0" timestamp="12 Jul 2015 18:14:14 GMT" time="0.220" errors="0">
  <testcase name="testRemoveFilm" time="0.220" classname="ru.st.selenium.RemoveFilm"/>
</testsuite> <!-- ru.st.selenium.RemoveFilm -->
