<?xml version="1.0" encoding="UTF-8"?>
<!-- Generated by org.testng.reporters.JUnitReportReporter -->
<testsuite hostname="Tanya-Laptop" name="ru.st.selenium.AddFilm" tests="1" failures="0" timestamp="12 Jul 2015 18:14:14 GMT" time="1.699" errors="0">
  <testcase name="testAddFilm" time="1.699" classname="ru.st.selenium.AddFilm"/>
</testsuite> <!-- ru.st.selenium.AddFilm -->
